<?xml version="1.0" encoding="UTF-8"?>
<!-- Generated by org.testng.reporters.JUnitReportReporter -->
<testsuite hostname="7568mdsalman" failures="0" tests="1" name="TestRunner.Test1" time="0.008" errors="0" timestamp="2024-01-31T01:21:12 IST" skipped="0">
  <testcase classname="TestRunner.Test1" name="test01" time="0.008"/>
  <system-out/>
</testsuite> <!-- TestRunner.Test1 -->
